0 info it worked if it ends with ok
1 verbose cli [ 'C:\\Program Files\\nodejs\\node.exe',
1 verbose cli   'C:\\Users\\Sumit Jain\\AppData\\Roaming\\npm\\node_modules\\npm\\bin\\npm-cli.js',
1 verbose cli   'install',
1 verbose cli   'request@2.81.0',
1 verbose cli   '--save',
1 verbose cli   'dev' ]
2 info using npm@4.0.5
3 info using node@v7.3.0
4 silly loadCurrentTree Starting
5 silly install loadCurrentTree
6 silly install readLocalPackageData
7 silly fetchPackageMetaData request@2.81.0
8 silly fetchPackageMetaData dev
9 silly fetchNamedPackageData request
10 silly mapToRegistry name request
11 silly mapToRegistry using default registry
12 silly mapToRegistry registry https://registry.npmjs.org/
13 silly mapToRegistry data Result {
13 silly mapToRegistry   raw: 'request',
13 silly mapToRegistry   scope: null,
13 silly mapToRegistry   escapedName: 'request',
13 silly mapToRegistry   name: 'request',
13 silly mapToRegistry   rawSpec: '',
13 silly mapToRegistry   spec: 'latest',
13 silly mapToRegistry   type: 'tag' }
14 silly mapToRegistry uri https://registry.npmjs.org/request
15 silly fetchNamedPackageData dev
16 silly mapToRegistry name dev
17 silly mapToRegistry using default registry
18 silly mapToRegistry registry https://registry.npmjs.org/
19 silly mapToRegistry data Result {
19 silly mapToRegistry   raw: 'dev',
19 silly mapToRegistry   scope: null,
19 silly mapToRegistry   escapedName: 'dev',
19 silly mapToRegistry   name: 'dev',
19 silly mapToRegistry   rawSpec: '',
19 silly mapToRegistry   spec: 'latest',
19 silly mapToRegistry   type: 'tag' }
20 silly mapToRegistry uri https://registry.npmjs.org/dev
21 verbose request uri https://registry.npmjs.org/dev
22 verbose request no auth needed
23 info attempt registry request try #1 at 10:33:12 PM
24 verbose request id c549e3dc07a8a7ab
25 http request GET https://registry.npmjs.org/dev
26 verbose request uri https://registry.npmjs.org/request
27 verbose request no auth needed
28 info attempt registry request try #1 at 10:33:12 PM
29 verbose etag "5a77acca-39f5d"
30 verbose lastModified Mon, 5 Feb 2018 1:00:58 GMT
31 http request GET https://registry.npmjs.org/request
32 http 200 https://registry.npmjs.org/dev
33 verbose headers { date: 'Fri, 08 Mar 2019 03:33:13 GMT',
33 verbose headers   'content-type': 'application/json',
33 verbose headers   'transfer-encoding': 'chunked',
33 verbose headers   connection: 'keep-alive',
33 verbose headers   'set-cookie': [ '__cfduid=d4c8fb158ee3d48ba3082ee86717635511552015993; expires=Sat, 07-Mar-20 03:33:13 GMT; path=/; domain=.registry.npmjs.org; HttpOnly' ],
33 verbose headers   'cf-cache-status': 'HIT',
33 verbose headers   'cache-control': 'max-age=300',
33 verbose headers   'cf-ray': '4b41bf194c69c5fa-EWR',
33 verbose headers   etag: 'W/"521662db0f132f0631086c6976342378"',
33 verbose headers   'expect-ct': 'max-age=604800, report-uri="https://report-uri.cloudflare.com/cdn-cgi/beacon/expect-ct"',
33 verbose headers   'last-modified': 'Mon, 18 Feb 2019 17:36:31 GMT',
33 verbose headers   vary: 'accept-encoding, accept',
33 verbose headers   'x-amz-meta-rev': '59-884953d867a7812d29be06e657c3c1d7',
33 verbose headers   server: 'cloudflare',
33 verbose headers   'content-encoding': 'gzip' }
34 silly get cb [ 200,
34 silly get   { date: 'Fri, 08 Mar 2019 03:33:13 GMT',
34 silly get     'content-type': 'application/json',
34 silly get     'transfer-encoding': 'chunked',
34 silly get     connection: 'keep-alive',
34 silly get     'set-cookie': [ '__cfduid=d4c8fb158ee3d48ba3082ee86717635511552015993; expires=Sat, 07-Mar-20 03:33:13 GMT; path=/; domain=.registry.npmjs.org; HttpOnly' ],
34 silly get     'cf-cache-status': 'HIT',
34 silly get     'cache-control': 'max-age=300',
34 silly get     'cf-ray': '4b41bf194c69c5fa-EWR',
34 silly get     etag: 'W/"521662db0f132f0631086c6976342378"',
34 silly get     'expect-ct': 'max-age=604800, report-uri="https://report-uri.cloudflare.com/cdn-cgi/beacon/expect-ct"',
34 silly get     'last-modified': 'Mon, 18 Feb 2019 17:36:31 GMT',
34 silly get     vary: 'accept-encoding, accept',
34 silly get     'x-amz-meta-rev': '59-884953d867a7812d29be06e657c3c1d7',
34 silly get     server: 'cloudflare',
34 silly get     'content-encoding': 'gzip' } ]
35 verbose get saving dev to C:\Users\Sumit Jain\AppData\Roaming\npm-cache\registry.npmjs.org\dev\.cache.json
36 verbose correctMkdir C:\Users\Sumit Jain\AppData\Roaming\npm-cache correctMkdir not in flight; initializing
37 http 200 https://registry.npmjs.org/request
38 verbose headers { date: 'Fri, 08 Mar 2019 03:33:13 GMT',
38 verbose headers   'content-type': 'application/json',
38 verbose headers   'transfer-encoding': 'chunked',
38 verbose headers   connection: 'keep-alive',
38 verbose headers   'set-cookie': [ '__cfduid=d4c8fb158ee3d48ba3082ee86717635511552015993; expires=Sat, 07-Mar-20 03:33:13 GMT; path=/; domain=.registry.npmjs.org; HttpOnly' ],
38 verbose headers   'cf-cache-status': 'HIT',
38 verbose headers   'cache-control': 'max-age=300',
38 verbose headers   'cf-ray': '4b41bf194c7cc5fa-EWR',
38 verbose headers   etag: 'W/"cf3f809df37fca1a3bad35bb71b5f1ea"',
38 verbose headers   'expect-ct': 'max-age=604800, report-uri="https://report-uri.cloudflare.com/cdn-cgi/beacon/expect-ct"',
38 verbose headers   'last-modified': 'Wed, 16 Jan 2019 11:19:38 GMT',
38 verbose headers   vary: 'accept-encoding, accept',
38 verbose headers   'x-amz-meta-rev': '2008-0e6532c600a767b31f8d9a52af983a0a',
38 verbose headers   server: 'cloudflare',
38 verbose headers   'content-encoding': 'gzip' }
39 silly get cb [ 200,
39 silly get   { date: 'Fri, 08 Mar 2019 03:33:13 GMT',
39 silly get     'content-type': 'application/json',
39 silly get     'transfer-encoding': 'chunked',
39 silly get     connection: 'keep-alive',
39 silly get     'set-cookie': [ '__cfduid=d4c8fb158ee3d48ba3082ee86717635511552015993; expires=Sat, 07-Mar-20 03:33:13 GMT; path=/; domain=.registry.npmjs.org; HttpOnly' ],
39 silly get     'cf-cache-status': 'HIT',
39 silly get     'cache-control': 'max-age=300',
39 silly get     'cf-ray': '4b41bf194c7cc5fa-EWR',
39 silly get     etag: 'W/"cf3f809df37fca1a3bad35bb71b5f1ea"',
39 silly get     'expect-ct': 'max-age=604800, report-uri="https://report-uri.cloudflare.com/cdn-cgi/beacon/expect-ct"',
39 silly get     'last-modified': 'Wed, 16 Jan 2019 11:19:38 GMT',
39 silly get     vary: 'accept-encoding, accept',
39 silly get     'x-amz-meta-rev': '2008-0e6532c600a767b31f8d9a52af983a0a',
39 silly get     server: 'cloudflare',
39 silly get     'content-encoding': 'gzip' } ]
40 verbose get saving request to C:\Users\Sumit Jain\AppData\Roaming\npm-cache\registry.npmjs.org\request\.cache.json
41 verbose correctMkdir C:\Users\Sumit Jain\AppData\Roaming\npm-cache correctMkdir not in flight; initializing
42 silly install normalizeTree
43 silly loadCurrentTree Finishing
44 silly loadIdealTree Starting
45 silly install loadIdealTree
46 silly cloneCurrentTree Starting
47 silly install cloneCurrentTreeToIdealTree
48 silly cloneCurrentTree Finishing
49 silly loadShrinkwrap Starting
50 silly install loadShrinkwrap
51 silly loadShrinkwrap Finishing
52 silly loadAllDepsIntoIdealTree Starting
53 silly install loadAllDepsIntoIdealTree
54 silly resolveWithNewModule dev@0.1.3 checking installable status
55 silly cache add args [ 'dev', null ]
56 verbose cache add spec dev
57 silly resolveWithNewModule request@2.81.0 checking installable status
58 silly cache add args [ 'request@2.81.0', null ]
59 verbose cache add spec request@2.81.0
60 silly cache add parsed spec Result {
60 silly cache add   raw: 'request@2.81.0',
60 silly cache add   scope: null,
60 silly cache add   escapedName: 'request',
60 silly cache add   name: 'request',
60 silly cache add   rawSpec: '2.81.0',
60 silly cache add   spec: '2.81.0',
60 silly cache add   type: 'version' }
61 silly addNamed request@2.81.0
62 verbose addNamed "2.81.0" is a plain semver version for request
63 silly mapToRegistry name request
64 silly mapToRegistry using default registry
65 silly mapToRegistry registry https://registry.npmjs.org/
66 silly mapToRegistry data Result {
66 silly mapToRegistry   raw: 'request',
66 silly mapToRegistry   scope: null,
66 silly mapToRegistry   escapedName: 'request',
66 silly mapToRegistry   name: 'request',
66 silly mapToRegistry   rawSpec: '',
66 silly mapToRegistry   spec: 'latest',
66 silly mapToRegistry   type: 'tag' }
67 silly mapToRegistry uri https://registry.npmjs.org/request
68 verbose addNameVersion registry:https://registry.npmjs.org/request not in flight; fetching
69 silly cache add parsed spec Result {
69 silly cache add   raw: 'dev',
69 silly cache add   scope: null,
69 silly cache add   escapedName: 'dev',
69 silly cache add   name: 'dev',
69 silly cache add   rawSpec: '',
69 silly cache add   spec: 'latest',
69 silly cache add   type: 'tag' }
70 silly addNamed dev@latest
71 verbose addNamed "latest" is being treated as a dist-tag for dev
72 info addNameTag [ 'dev', 'latest' ]
73 silly mapToRegistry name dev
74 silly mapToRegistry using default registry
75 silly mapToRegistry registry https://registry.npmjs.org/
76 silly mapToRegistry data Result {
76 silly mapToRegistry   raw: 'dev',
76 silly mapToRegistry   scope: null,
76 silly mapToRegistry   escapedName: 'dev',
76 silly mapToRegistry   name: 'dev',
76 silly mapToRegistry   rawSpec: '',
76 silly mapToRegistry   spec: 'latest',
76 silly mapToRegistry   type: 'tag' }
77 silly mapToRegistry uri https://registry.npmjs.org/dev
78 verbose addNameTag registry:https://registry.npmjs.org/dev not in flight; fetching
79 verbose get https://registry.npmjs.org/dev not expired, no request
80 silly addNameTag next cb for dev with tag latest
81 silly addNamed dev@0.1.3
82 verbose addNamed "0.1.3" is a plain semver version for dev
83 verbose get https://registry.npmjs.org/request not expired, no request
84 silly mapToRegistry name dev
85 silly mapToRegistry using default registry
86 silly mapToRegistry registry https://registry.npmjs.org/
87 silly mapToRegistry data Result {
87 silly mapToRegistry   raw: 'dev',
87 silly mapToRegistry   scope: null,
87 silly mapToRegistry   escapedName: 'dev',
87 silly mapToRegistry   name: 'dev',
87 silly mapToRegistry   rawSpec: '',
87 silly mapToRegistry   spec: 'latest',
87 silly mapToRegistry   type: 'tag' }
88 silly mapToRegistry uri https://registry.npmjs.org/dev
89 verbose addRemoteTarball https://registry.npmjs.org/dev/-/dev-0.1.3.tgz not in flight; adding
90 verbose addRemoteTarball [ 'https://registry.npmjs.org/dev/-/dev-0.1.3.tgz',
90 verbose addRemoteTarball   '89fdc08705e0e7eaef92d012e26751e4d744322a' ]
91 info retry fetch attempt 1 at 10:33:12 PM
92 info attempt registry request try #1 at 10:33:12 PM
93 http fetch GET https://registry.npmjs.org/dev/-/dev-0.1.3.tgz
94 silly cache afterAdd request@2.81.0
95 verbose afterAdd C:\Users\Sumit Jain\AppData\Roaming\npm-cache\request\2.81.0\package\package.json not in flight; writing
96 verbose correctMkdir C:\Users\Sumit Jain\AppData\Roaming\npm-cache correctMkdir not in flight; initializing
97 http fetch 200 https://registry.npmjs.org/dev/-/dev-0.1.3.tgz
98 verbose afterAdd C:\Users\Sumit Jain\AppData\Roaming\npm-cache\request\2.81.0\package\package.json written
99 silly fetchAndShaCheck shasum 89fdc08705e0e7eaef92d012e26751e4d744322a
100 verbose addTmpTarball C:\Users\SUMITJ~1\AppData\Local\Temp\npm-19040-ea91460a\registry.npmjs.org\dev\-\dev-0.1.3.tgz not in flight; adding
101 verbose addTmpTarball already have metadata; skipping unpack for dev@0.1.3
102 verbose correctMkdir C:\Users\Sumit Jain\AppData\Roaming\npm-cache correctMkdir not in flight; initializing
103 silly cache afterAdd dev@0.1.3
104 verbose afterAdd C:\Users\Sumit Jain\AppData\Roaming\npm-cache\dev\0.1.3\package\package.json not in flight; writing
105 verbose correctMkdir C:\Users\Sumit Jain\AppData\Roaming\npm-cache correctMkdir not in flight; initializing
106 verbose afterAdd C:\Users\Sumit Jain\AppData\Roaming\npm-cache\dev\0.1.3\package\package.json written
107 silly fetchNamedPackageData inotify
108 silly mapToRegistry name inotify
109 silly mapToRegistry using default registry
110 silly mapToRegistry registry https://registry.npmjs.org/
111 silly mapToRegistry data Result {
111 silly mapToRegistry   raw: 'inotify',
111 silly mapToRegistry   scope: null,
111 silly mapToRegistry   escapedName: 'inotify',
111 silly mapToRegistry   name: 'inotify',
111 silly mapToRegistry   rawSpec: '',
111 silly mapToRegistry   spec: 'latest',
111 silly mapToRegistry   type: 'tag' }
112 silly mapToRegistry uri https://registry.npmjs.org/inotify
113 verbose request uri https://registry.npmjs.org/inotify
114 verbose request no auth needed
115 info attempt registry request try #1 at 10:33:12 PM
116 http request GET https://registry.npmjs.org/inotify
117 http 200 https://registry.npmjs.org/inotify
118 verbose headers { date: 'Fri, 08 Mar 2019 03:33:14 GMT',
118 verbose headers   'content-type': 'application/json',
118 verbose headers   'transfer-encoding': 'chunked',
118 verbose headers   connection: 'keep-alive',
118 verbose headers   'set-cookie': [ '__cfduid=d3d4cfc4161ecb9ae7aa972796ef5c1331552015994; expires=Sat, 07-Mar-20 03:33:14 GMT; path=/; domain=.registry.npmjs.org; HttpOnly' ],
118 verbose headers   'cf-cache-status': 'REVALIDATED',
118 verbose headers   'cache-control': 'max-age=300',
118 verbose headers   'cf-ray': '4b41bf1ac915c5fa-EWR',
118 verbose headers   etag: 'W/"12d74df91c53f2515938b5b00431687b"',
118 verbose headers   'expect-ct': 'max-age=604800, report-uri="https://report-uri.cloudflare.com/cdn-cgi/beacon/expect-ct"',
118 verbose headers   'last-modified': 'Fri, 04 Jan 2019 05:09:46 GMT',
118 verbose headers   vary: 'accept-encoding, accept',
118 verbose headers   'x-amz-meta-rev': '52-c0dbcb2f7071d502c30cc23d141ff8e6',
118 verbose headers   server: 'cloudflare',
118 verbose headers   'content-encoding': 'gzip' }
119 silly get cb [ 200,
119 silly get   { date: 'Fri, 08 Mar 2019 03:33:14 GMT',
119 silly get     'content-type': 'application/json',
119 silly get     'transfer-encoding': 'chunked',
119 silly get     connection: 'keep-alive',
119 silly get     'set-cookie': [ '__cfduid=d3d4cfc4161ecb9ae7aa972796ef5c1331552015994; expires=Sat, 07-Mar-20 03:33:14 GMT; path=/; domain=.registry.npmjs.org; HttpOnly' ],
119 silly get     'cf-cache-status': 'REVALIDATED',
119 silly get     'cache-control': 'max-age=300',
119 silly get     'cf-ray': '4b41bf1ac915c5fa-EWR',
119 silly get     etag: 'W/"12d74df91c53f2515938b5b00431687b"',
119 silly get     'expect-ct': 'max-age=604800, report-uri="https://report-uri.cloudflare.com/cdn-cgi/beacon/expect-ct"',
119 silly get     'last-modified': 'Fri, 04 Jan 2019 05:09:46 GMT',
119 silly get     vary: 'accept-encoding, accept',
119 silly get     'x-amz-meta-rev': '52-c0dbcb2f7071d502c30cc23d141ff8e6',
119 silly get     server: 'cloudflare',
119 silly get     'content-encoding': 'gzip' } ]
120 verbose get saving inotify to C:\Users\Sumit Jain\AppData\Roaming\npm-cache\registry.npmjs.org\inotify\.cache.json
121 verbose correctMkdir C:\Users\Sumit Jain\AppData\Roaming\npm-cache correctMkdir not in flight; initializing
122 silly resolveWithNewModule inotify@1.4.6 checking installable status
123 silly rollbackFailedOptional Starting
124 silly rollbackFailedOptional Finishing
125 silly runTopLevelLifecycles Finishing
126 silly install printInstalled
127 verbose stack Error: Unsupported platform for inotify@1.4.6: wanted {"name":"inotify","version":"1.4.6","author":{"name":"Camilo Aguilar","email":"camilo.aguilar@gmail.com"},"email":"camilo.aguilar@gmail.com","keywords":["inotify","watch","monitor","watch files","watch directories"],"license":"MIT","description":"inotify bindings for v8 javascript engine","repository":{"type":"git","url":"git+ssh://git@github.com/c4milo/node-inotify.git"},"os":["linux"],"engines":{"node":">=0.8"},"main":"inotify","dependencies":{"bindings":"^1.3.1","nan":"^2.12.1"},"scripts":{"test":"node-gyp configure build","install":"node-gyp rebuild"},"gypfile":true,"contributors":[{"name":"Adrian Estrada","email":"edsadr@gmail.com"},{"name":"Alexander Makarenko","email":"estliberitas@gmail.com"},{"name":"Brian Ingalls","email":"bingalls@compete.com"},{"name":"Brian White","email":"mscdex@mscdex.net"},{"name":"Camilo Aguilar","email":"camilo.aguilar@gmail.com"},{"name":"Dan VerWeire","email":"dverweire@gmail.com"},{"name":"FrozenCow","email":"frozencow@gmail.com"},{"name":"Michael Boe","email":"mschuylerb@gmail.com"},{"name":"Yannick Croissant","email":"k1der.country@free.fr"},{"name":"ikokostya","email":"ikokostya@gmail.com"}],"gitHead":"39b2c2d5a1d6b1adda551760f618e41ca8dc6c1c","bugs":{"url":"https://github.com/c4milo/node-inotify/issues"},"homepage":"https://github.com/c4milo/node-inotify#readme","_id":"inotify@1.4.6","_npmVersion":"6.4.1","_nodeVersion":"8.14.0","_npmUser":{"name":"c4milo","email":"camilo.aguilar@gmail.com"},"maintainers":[{"name":"c4milo","email":"camilo.aguilar@gmail.com"},{"name":"camilo","email":"camilo@cloudescape.com"}],"dist":{"integrity":"sha512-WW8/uqIA04O3AePQVe/Ms3ZLR0yGamaz8YOEpaXc4WBAGOPZfzu58wWErEPSUYaPyDrJRIeCn6PEIQgC1ZyQ5w==","shasum":"c5a51852df1647d1a589d46c4baa2771ed36b8d2","tarball":"https://registry.npmjs.org/inotify/-/inotify-1.4.6.tgz","fileCount":13,"unpackedSize":26093,"npm-signature":"-----BEGIN PGP SIGNATURE-----\r\nVersion: OpenPGP.js v3.0.4\r\nComment: https://openpgpjs.org\r\n\r\nwsFcBAEBCAAQBQJcJVwcCRA9TVsSAnZWagAA9IoP/Rs08gqLAht50taWLtBo\n0E0u8mul8i0tB1UR8z6QuKsc4t2rFBkUk+kieQwCp5QegfLqOWYkOrU4O19J\nDHHGoKNhwobMIObIV4gIemviukrHO4EZBYJGq0qyYXj7QGE14EbgcyZbHR3t\nrd8ihqv2UzlOpo4dhNVFoDWWGx/F1SzkTnCcqvDPeMHE0Y6YqDcazQxqj8fF\ngXwIro8fVaKr3ZygFLv+HQFMxS4EmdqxeVcU6Qtc/2LazUdCHN8lkOzqLNym\nci9KKBwyxi77m4YKzvFTKGTAZTgv2R5ima7ZxpBa9h29T59jpLiKFQdPwcDS\n8RiWbgB2AX2Ym8VCHMuccyTcIJlDQE9iE8SMjkrbNqh11jsG6H6wydBfCFG2\n2iYIbXuIjk+nDNRwqd+oSxcGdKbZlVdfBSCr0IXi7H4xpsDDU5GONU3moLkH\n+l7TyZxhbjtvNKfYIZHnnonMGbsQh1nIow6cfZYv7JVXyda53kSKZ+Ljd25Q\nnKjZlKnjvHO4aapbjivah/IN4mYMV2G5vbKzJMPIZMalWZkBjqSPkX0hnkJq\n8BDZKL5v6XCOz9yAzKMvsKLAFFLKf3cvsXyTXNALmZsJfkIwX/sdD/L3uC+G\nhLjB+WTLdUBQoO24Zmi+iGDyNyPy3XSjf8g7lCG6yjenlCkB06EklTc0oJvx\nhzDr\r\n=YYLs\r\n-----END PGP SIGNATURE-----\r\n"},"directories":{},"_npmOperationalInternal":{"host":"s3://npm-registry-packages","tmp":"tmp/inotify_1.4.6_1545952284004_0.1705624789202318"},"_hasShrinkwrap":false,"_from":"inotify@>= 0.1.6","_resolved":"https://registry.npmjs.org/inotify/-/inotify-1.4.6.tgz","_shasum":"c5a51852df1647d1a589d46c4baa2771ed36b8d2","_requested":{"raw":"inotify@>= 0.1.6","scope":null,"escapedName":"inotify","name":"inotify","rawSpec":">= 0.1.6","spec":">=0.1.6","type":"range"},"_spec":"inotify@>= 0.1.6","_where":"C:\\git\\k8s-istio\\src\\node_modules\\dev","_args":[[{"raw":"inotify@>= 0.1.6","scope":null,"escapedName":"inotify","name":"inotify","rawSpec":">= 0.1.6","spec":">=0.1.6","type":"range"},"C:\\git\\k8s-istio\\src\\node_modules\\dev"]],"readme":"ERROR: No README data found!"} (current: {"os":"win32","cpu":"x64"})
127 verbose stack     at checkPlatform (C:\Users\Sumit Jain\AppData\Roaming\npm\node_modules\npm\node_modules\npm-install-checks\index.js:45:14)
127 verbose stack     at thenWarnEngineIssues (C:\Users\Sumit Jain\AppData\Roaming\npm\node_modules\npm\lib\install\validate-args.js:41:5)
127 verbose stack     at C:\Users\Sumit Jain\AppData\Roaming\npm\node_modules\npm\node_modules\iferr\index.js:13:50
127 verbose stack     at checkEngine (C:\Users\Sumit Jain\AppData\Roaming\npm\node_modules\npm\node_modules\npm-install-checks\index.js:24:10)
127 verbose stack     at module.exports.isInstallable (C:\Users\Sumit Jain\AppData\Roaming\npm\node_modules\npm\lib\install\validate-args.js:38:3)
127 verbose stack     at resolveWithNewModule (C:\Users\Sumit Jain\AppData\Roaming\npm\node_modules\npm\lib\install\deps.js:519:10)
127 verbose stack     at C:\Users\Sumit Jain\AppData\Roaming\npm\node_modules\npm\lib\install\deps.js:462:9
127 verbose stack     at C:\Users\Sumit Jain\AppData\Roaming\npm\node_modules\npm\node_modules\iferr\index.js:13:50
127 verbose stack     at C:\Users\Sumit Jain\AppData\Roaming\npm\node_modules\npm\lib\fetch-package-metadata.js:37:12
127 verbose stack     at addRequestedAndFinish (C:\Users\Sumit Jain\AppData\Roaming\npm\node_modules\npm\lib\fetch-package-metadata.js:67:5)
128 verbose pkgid inotify@1.4.6
129 verbose cwd C:\git\k8s-istio\src
130 error Windows_NT 10.0.17134
131 error argv "C:\\Program Files\\nodejs\\node.exe" "C:\\Users\\Sumit Jain\\AppData\\Roaming\\npm\\node_modules\\npm\\bin\\npm-cli.js" "install" "request@2.81.0" "--save" "dev"
132 error node v7.3.0
133 error npm  v4.0.5
134 error code EBADPLATFORM
135 error notsup Unsupported platform for inotify@1.4.6: wanted {"os":"linux","arch":"any"} (current: {"os":"win32","arch":"x64"})
136 error notsup Valid OS:    linux
136 error notsup Valid Arch:  any
136 error notsup Actual OS:   win32
136 error notsup Actual Arch: x64
137 verbose exit [ 1, true ]
